Oct 01 01:16:31 Erased: firewalld-0.6.3-2.el7_7.1.noarch
Oct 01 01:16:31 Erased: 32:bind-utils-9.11.4-9.P2.el7.x86_64
Oct 01 01:16:31 Erased: python-firewall-0.6.3-2.el7_7.1.noarch
Oct 01 01:16:31 Erased: 32:bind-libs-9.11.4-9.P2.el7.x86_64
Oct 01 01:16:31 Erased: python-slip-dbus-0.4.0-4.el7.noarch
Oct 01 01:16:31 Erased: initscripts-9.49.47-1.el7.x86_64
Oct 01 01:16:31 Erased: python-slip-0.4.0-4.el7.noarch
Oct 01 01:16:31 Erased: python-decorator-3.4.0-3.el7.noarch
Oct 01 01:16:31 Erased: firewalld-filesystem-0.6.3-2.el7_7.1.noarch
Oct 01 01:16:31 Erased: linux-firmware-20190429-72.gitddde598.el7.noarch
Oct 01 01:16:31 Erased: iproute-4.11.0-25.el7.x86_64
Oct 01 01:16:31 Erased: iptables-1.4.21-33.el7.x86_64
Oct 01 01:16:31 Erased: libnetfilter_conntrack-1.0.6-1.el7_3.x86_64
Oct 01 01:16:31 Erased: 32:bind-libs-lite-9.11.4-9.P2.el7.x86_64
Oct 01 01:16:31 Erased: ipset-7.1-1.el7.x86_64
Oct 01 01:16:32 Erased: ipset-libs-7.1-1.el7.x86_64
Oct 01 01:16:32 Erased: less-458-9.el7.x86_64
Oct 01 01:16:32 Erased: groff-base-1.22.2-8.el7.x86_64
Oct 01 01:16:32 Erased: libmnl-1.0.3-7.el7.x86_64
Oct 01 01:16:32 Erased: GeoIP-1.5.0-14.el7.x86_64
Oct 01 01:16:32 Erased: libnfnetlink-1.0.1-4.el7.x86_64
Oct 01 01:16:32 Erased: libselinux-python-2.5-14.1.el7.x86_64
Oct 01 01:16:32 Erased: sysvinit-tools-2.88-14.dsf.el7.x86_64
Oct 01 01:16:32 Erased: ebtables-2.0.10-16.el7.x86_64
Oct 01 01:16:32 Erased: grubby-8.28-26.el7.x86_64
